2025-11-30 12:31:12 | INFO     | __main__:main:70 - 🚀 Iniciando Data Collector
2025-11-30 12:31:12 | INFO     | __main__:main:71 - API URL: https://api.open-meteo.com/v1/forecast?latitude=-12.9714&longitude=-38.5014&current=temperature_2m,relative_humidity_2m,wind_speed_10m,weather_code
2025-11-30 12:31:12 | INFO     | __main__:main:72 - RabbitMQ: localhost:5672
2025-11-30 12:31:12 | INFO     | __main__:main:73 - Fila: weather_queue
2025-11-30 12:34:06 | INFO     | __main__:main:70 - 🚀 Iniciando Data Collector
2025-11-30 12:34:06 | INFO     | __main__:main:71 - API URL: https://api.open-meteo.com/v1/forecast?latitude=-12.9714&longitude=-38.5014&current=temperature_2m,relative_humidity_2m,wind_speed_10m,weather_code
2025-11-30 12:34:06 | INFO     | __main__:main:72 - RabbitMQ: localhost:5672
2025-11-30 12:34:06 | INFO     | __main__:main:73 - Fila: weather_queue
2025-11-30 12:34:46 | INFO     | __main__:main:70 - 🚀 Iniciando Data Collector
2025-11-30 12:34:46 | INFO     | __main__:main:71 - API URL: https://api.open-meteo.com/v1/forecast?latitude=-12.9714&longitude=-38.5014&current=temperature_2m,relative_humidity_2m,wind_speed_10m,weather_code
2025-11-30 12:34:46 | INFO     | __main__:main:72 - RabbitMQ: localhost:5672
2025-11-30 12:34:46 | INFO     | __main__:main:73 - Fila: weather_queue
2025-11-30 12:37:00 | INFO     | __main__:main:70 - 🚀 Iniciando Data Collector
2025-11-30 12:37:00 | INFO     | __main__:main:71 - API URL: https://api.open-meteo.com/v1/forecast?latitude=-12.9714&longitude=-38.5014&current=temperature_2m,relative_humidity_2m,wind_speed_10m,weather_code
2025-11-30 12:37:00 | INFO     | __main__:main:72 - RabbitMQ: localhost:5672
2025-11-30 12:37:00 | INFO     | __main__:main:73 - Fila: weather_queue
2025-11-30 12:40:49 | INFO     | __main__:main:70 - 🚀 Iniciando Data Collector
2025-11-30 12:40:49 | INFO     | __main__:main:71 - API URL: https://api.open-meteo.com/v1/forecast?latitude=-12.9714&longitude=-38.5014&current=temperature_2m,relative_humidity_2m,wind_speed_10m,weather_code
2025-11-30 12:40:49 | INFO     | __main__:main:72 - RabbitMQ: localhost:5672
2025-11-30 12:40:49 | INFO     | __main__:main:73 - Fila: weather_queue
2025-11-30 12:46:48 | INFO     | __main__:main:70 - 🚀 Iniciando Data Collector
2025-11-30 12:46:48 | INFO     | __main__:main:71 - API URL: https://api.open-meteo.com/v1/forecast?latitude=-12.9714&longitude=-38.5014&current=temperature_2m,relative_humidity_2m,wind_speed_10m,weather_code
2025-11-30 12:46:48 | INFO     | __main__:main:72 - RabbitMQ: localhost:5672
2025-11-30 12:46:48 | INFO     | __main__:main:73 - Fila: weather_queue
2025-11-30 12:46:48 | INFO     | __main__:start_scheduler:46 - Iniciando collector com intervalo de 300s
2025-11-30 12:46:48 | ERROR    | src.rabbitmq_publisher:connect:40 - Erro ao conectar ao RabbitMQ: 'Settings' object has no attribute 'RABBITMQ_USER'
2025-11-30 12:49:26 | INFO     | __main__:main:70 - 🚀 Iniciando Data Collector
2025-11-30 12:49:26 | INFO     | __main__:main:71 - API URL: https://api.open-meteo.com/v1/forecast?latitude=-12.9714&longitude=-38.5014&current=temperature_2m,relative_humidity_2m,wind_speed_10m,weather_code
2025-11-30 12:49:26 | INFO     | __main__:main:72 - RabbitMQ: localhost:5672
2025-11-30 12:49:26 | INFO     | __main__:main:73 - Fila: weather_queue
2025-11-30 12:49:26 | INFO     | __main__:start_scheduler:46 - Iniciando collector com intervalo de 300s
2025-11-30 12:49:30 | ERROR    | src.rabbitmq_publisher:connect:40 - Erro ao conectar ao RabbitMQ: 
2025-11-30 12:56:05 | INFO     | __main__:main:70 - 🚀 Iniciando Data Collector
2025-11-30 12:56:05 | INFO     | __main__:main:71 - API URL: https://api.open-meteo.com/v1/forecast?latitude=-12.9714&longitude=-38.5014&current=temperature_2m,relative_humidity_2m,wind_speed_10m,weather_code
2025-11-30 12:56:05 | INFO     | __main__:main:72 - RabbitMQ: localhost:5672
2025-11-30 12:56:05 | INFO     | __main__:main:73 - Fila: weather_queue
2025-11-30 12:56:05 | INFO     | __main__:start_scheduler:46 - Iniciando collector com intervalo de 300s
2025-11-30 12:56:05 | ERROR    | src.rabbitmq_publisher:connect:40 - Erro ao conectar ao RabbitMQ: 'Logger' object has no attribute 'sucess'
2025-11-30 12:57:06 | INFO     | __main__:main:70 - 🚀 Iniciando Data Collector
2025-11-30 12:57:06 | INFO     | __main__:main:71 - API URL: https://api.open-meteo.com/v1/forecast?latitude=-12.9714&longitude=-38.5014&current=temperature_2m,relative_humidity_2m,wind_speed_10m,weather_code
2025-11-30 12:57:06 | INFO     | __main__:main:72 - RabbitMQ: localhost:5672
2025-11-30 12:57:06 | INFO     | __main__:main:73 - Fila: weather_queue
2025-11-30 12:57:06 | INFO     | __main__:start_scheduler:46 - Iniciando collector com intervalo de 300s
2025-11-30 12:57:06 | SUCCESS  | src.rabbitmq_publisher:connect:37 - Conectado ao RabbitMQ: localhost:5672 com sucesso.
2025-11-30 12:57:06 | INFO     | __main__:run:24 - ============================================================
2025-11-30 12:57:06 | INFO     | __main__:run:25 - Iniciando coleta de dados...
2025-11-30 12:57:06 | INFO     | src.api_consumer:fetch:37 - Buscando dados de: https://api.open-meteo.com/v1/forecast?latitude=-12.9714&longitude=-38.5014&current=temperature_2m,relative_humidity_2m,wind_speed_10m,weather_code
2025-11-30 12:57:07 | SUCCESS  | src.api_consumer:fetch:48 - ✓ Dados recebidos com sucesso
2025-11-30 12:57:07 | INFO     | __main__:run:29 - Dados recebidos: 1 item(s)
2025-11-30 12:57:07 | INFO     | __main__:run:33 - Dados normalizados: 1 item(s)
2025-11-30 12:57:07 | INFO     | src.rabbitmq_publisher:publish:67 - 1 mensagens publicadas na fila weather_queue com sucesso.
2025-11-30 12:57:07 | SUCCESS  | __main__:run:38 - ✓ Coleta finalizada com sucesso! 1 mensagens enviadas
2025-11-30 12:57:07 | INFO     | __main__:run:39 - ============================================================
2025-11-30 13:02:08 | INFO     | __main__:run:24 - ============================================================
2025-11-30 13:02:08 | INFO     | __main__:run:25 - Iniciando coleta de dados...
2025-11-30 13:02:08 | INFO     | src.api_consumer:fetch:37 - Buscando dados de: https://api.open-meteo.com/v1/forecast?latitude=-12.9714&longitude=-38.5014&current=temperature_2m,relative_humidity_2m,wind_speed_10m,weather_code
2025-11-30 13:02:09 | SUCCESS  | src.api_consumer:fetch:48 - ✓ Dados recebidos com sucesso
2025-11-30 13:02:09 | INFO     | __main__:run:29 - Dados recebidos: 1 item(s)
2025-11-30 13:02:09 | INFO     | __main__:run:33 - Dados normalizados: 1 item(s)
2025-11-30 13:02:09 | INFO     | src.rabbitmq_publisher:publish:67 - 1 mensagens publicadas na fila weather_queue com sucesso.
2025-11-30 13:02:09 | SUCCESS  | __main__:run:38 - ✓ Coleta finalizada com sucesso! 1 mensagens enviadas
2025-11-30 13:02:09 | INFO     | __main__:run:39 - ============================================================
2025-11-30 13:07:09 | INFO     | __main__:run:24 - ============================================================
2025-11-30 13:07:09 | INFO     | __main__:run:25 - Iniciando coleta de dados...
2025-11-30 13:07:09 | INFO     | src.api_consumer:fetch:37 - Buscando dados de: https://api.open-meteo.com/v1/forecast?latitude=-12.9714&longitude=-38.5014&current=temperature_2m,relative_humidity_2m,wind_speed_10m,weather_code
2025-11-30 13:07:10 | SUCCESS  | src.api_consumer:fetch:48 - ✓ Dados recebidos com sucesso
2025-11-30 13:07:10 | INFO     | __main__:run:29 - Dados recebidos: 1 item(s)
2025-11-30 13:07:10 | INFO     | __main__:run:33 - Dados normalizados: 1 item(s)
2025-11-30 13:07:10 | INFO     | src.rabbitmq_publisher:publish:67 - 1 mensagens publicadas na fila weather_queue com sucesso.
2025-11-30 13:07:10 | SUCCESS  | __main__:run:38 - ✓ Coleta finalizada com sucesso! 1 mensagens enviadas
2025-11-30 13:07:10 | INFO     | __main__:run:39 - ============================================================
2025-11-30 13:07:21 | WARNING  | __main__:start_scheduler:63 - Collector interrompido pelo usuário
2025-11-30 13:07:21 | INFO     | src.rabbitmq_publisher:close:80 - Conexão com o RabbitMQ fechada com sucesso.
2025-11-30 18:03:51 | INFO     | __main__:main:70 - 🚀 Iniciando Data Collector
2025-11-30 18:03:51 | INFO     | __main__:main:71 - API URL: https://api.open-meteo.com/v1/forecast?latitude=-12.9714&longitude=-38.5014&current=temperature_2m,relative_humidity_2m,wind_speed_10m,weather_code
2025-11-30 18:03:51 | INFO     | __main__:main:72 - RabbitMQ: localhost:5672
2025-11-30 18:03:51 | INFO     | __main__:main:73 - Fila: weather_queue
2025-11-30 18:03:51 | INFO     | __main__:start_scheduler:46 - Iniciando collector com intervalo de 300s
2025-11-30 18:03:51 | ERROR    | src.rabbitmq_publisher:connect:40 - Erro ao conectar ao RabbitMQ: (406, "PRECONDITION_FAILED - inequivalent arg 'x-message-ttl' for queue 'weather_queue' in vhost '/': received the value '86400000' of type 'signedint' but current is none")
2025-11-30 18:16:30 | INFO     | __main__:main:70 - 🚀 Iniciando Data Collector
2025-11-30 18:16:30 | INFO     | __main__:main:71 - API URL: https://api.open-meteo.com/v1/forecast?latitude=-12.9714&longitude=-38.5014&current=temperature_2m,relative_humidity_2m,wind_speed_10m,weather_code
2025-11-30 18:16:30 | INFO     | __main__:main:72 - RabbitMQ: localhost:5672
2025-11-30 18:16:30 | INFO     | __main__:main:73 - Fila: weather_queue
2025-11-30 18:16:30 | INFO     | __main__:start_scheduler:46 - Iniciando collector com intervalo de 300s
2025-11-30 18:16:30 | SUCCESS  | src.rabbitmq_publisher:connect:37 - Conectado ao RabbitMQ: localhost:5672 com sucesso.
2025-11-30 18:16:30 | INFO     | __main__:run:24 - ============================================================
2025-11-30 18:16:30 | INFO     | __main__:run:25 - Iniciando coleta de dados...
2025-11-30 18:16:30 | INFO     | src.api_consumer:fetch:37 - Buscando dados de: https://api.open-meteo.com/v1/forecast?latitude=-12.9714&longitude=-38.5014&current=temperature_2m,relative_humidity_2m,wind_speed_10m,weather_code
2025-11-30 18:16:31 | SUCCESS  | src.api_consumer:fetch:48 - ✓ Dados recebidos com sucesso
2025-11-30 18:16:31 | INFO     | __main__:run:29 - Dados recebidos: 1 item(s)
2025-11-30 18:16:31 | INFO     | __main__:run:33 - Dados normalizados: 1 item(s)
2025-11-30 18:16:31 | INFO     | src.rabbitmq_publisher:publish:67 - 1 mensagens publicadas na fila weather_queue com sucesso.
2025-11-30 18:16:31 | SUCCESS  | __main__:run:38 - ✓ Coleta finalizada com sucesso! 1 mensagens enviadas
2025-11-30 18:16:31 | INFO     | __main__:run:39 - ============================================================
2025-11-30 18:21:31 | INFO     | __main__:run:24 - ============================================================
2025-11-30 18:21:31 | INFO     | __main__:run:25 - Iniciando coleta de dados...
2025-11-30 18:21:31 | INFO     | src.api_consumer:fetch:37 - Buscando dados de: https://api.open-meteo.com/v1/forecast?latitude=-12.9714&longitude=-38.5014&current=temperature_2m,relative_humidity_2m,wind_speed_10m,weather_code
2025-11-30 18:21:32 | SUCCESS  | src.api_consumer:fetch:48 - ✓ Dados recebidos com sucesso
2025-11-30 18:21:32 | INFO     | __main__:run:29 - Dados recebidos: 1 item(s)
2025-11-30 18:21:32 | INFO     | __main__:run:33 - Dados normalizados: 1 item(s)
2025-11-30 18:21:32 | INFO     | src.rabbitmq_publisher:publish:67 - 1 mensagens publicadas na fila weather_queue com sucesso.
2025-11-30 18:21:32 | SUCCESS  | __main__:run:38 - ✓ Coleta finalizada com sucesso! 1 mensagens enviadas
2025-11-30 18:21:32 | INFO     | __main__:run:39 - ============================================================
2025-11-30 18:26:32 | INFO     | __main__:run:24 - ============================================================
2025-11-30 18:26:32 | INFO     | __main__:run:25 - Iniciando coleta de dados...
2025-11-30 18:26:32 | INFO     | src.api_consumer:fetch:37 - Buscando dados de: https://api.open-meteo.com/v1/forecast?latitude=-12.9714&longitude=-38.5014&current=temperature_2m,relative_humidity_2m,wind_speed_10m,weather_code
2025-11-30 18:26:33 | SUCCESS  | src.api_consumer:fetch:48 - ✓ Dados recebidos com sucesso
2025-11-30 18:26:33 | INFO     | __main__:run:29 - Dados recebidos: 1 item(s)
2025-11-30 18:26:33 | INFO     | __main__:run:33 - Dados normalizados: 1 item(s)
2025-11-30 18:26:33 | INFO     | src.rabbitmq_publisher:publish:67 - 1 mensagens publicadas na fila weather_queue com sucesso.
2025-11-30 18:26:33 | SUCCESS  | __main__:run:38 - ✓ Coleta finalizada com sucesso! 1 mensagens enviadas
2025-11-30 18:26:33 | INFO     | __main__:run:39 - ============================================================
2025-11-30 18:31:34 | INFO     | __main__:run:24 - ============================================================
2025-11-30 18:31:34 | INFO     | __main__:run:25 - Iniciando coleta de dados...
2025-11-30 18:31:34 | INFO     | src.api_consumer:fetch:37 - Buscando dados de: https://api.open-meteo.com/v1/forecast?latitude=-12.9714&longitude=-38.5014&current=temperature_2m,relative_humidity_2m,wind_speed_10m,weather_code
2025-11-30 18:31:35 | SUCCESS  | src.api_consumer:fetch:48 - ✓ Dados recebidos com sucesso
2025-11-30 18:31:35 | INFO     | __main__:run:29 - Dados recebidos: 1 item(s)
2025-11-30 18:31:35 | INFO     | __main__:run:33 - Dados normalizados: 1 item(s)
2025-11-30 18:31:35 | INFO     | src.rabbitmq_publisher:publish:67 - 1 mensagens publicadas na fila weather_queue com sucesso.
2025-11-30 18:31:35 | SUCCESS  | __main__:run:38 - ✓ Coleta finalizada com sucesso! 1 mensagens enviadas
2025-11-30 18:31:35 | INFO     | __main__:run:39 - ============================================================
2025-11-30 18:36:35 | INFO     | __main__:run:24 - ============================================================
2025-11-30 18:36:35 | INFO     | __main__:run:25 - Iniciando coleta de dados...
2025-11-30 18:36:35 | INFO     | src.api_consumer:fetch:37 - Buscando dados de: https://api.open-meteo.com/v1/forecast?latitude=-12.9714&longitude=-38.5014&current=temperature_2m,relative_humidity_2m,wind_speed_10m,weather_code
2025-11-30 18:36:36 | SUCCESS  | src.api_consumer:fetch:48 - ✓ Dados recebidos com sucesso
2025-11-30 18:36:36 | INFO     | __main__:run:29 - Dados recebidos: 1 item(s)
2025-11-30 18:36:36 | INFO     | __main__:run:33 - Dados normalizados: 1 item(s)
2025-11-30 18:36:36 | INFO     | src.rabbitmq_publisher:publish:67 - 1 mensagens publicadas na fila weather_queue com sucesso.
2025-11-30 18:36:36 | SUCCESS  | __main__:run:38 - ✓ Coleta finalizada com sucesso! 1 mensagens enviadas
2025-11-30 18:36:36 | INFO     | __main__:run:39 - ============================================================
2025-11-30 18:41:36 | INFO     | __main__:run:24 - ============================================================
2025-11-30 18:41:36 | INFO     | __main__:run:25 - Iniciando coleta de dados...
2025-11-30 18:41:36 | INFO     | src.api_consumer:fetch:37 - Buscando dados de: https://api.open-meteo.com/v1/forecast?latitude=-12.9714&longitude=-38.5014&current=temperature_2m,relative_humidity_2m,wind_speed_10m,weather_code
2025-11-30 18:41:37 | SUCCESS  | src.api_consumer:fetch:48 - ✓ Dados recebidos com sucesso
2025-11-30 18:41:37 | INFO     | __main__:run:29 - Dados recebidos: 1 item(s)
2025-11-30 18:41:37 | INFO     | __main__:run:33 - Dados normalizados: 1 item(s)
2025-11-30 18:41:37 | INFO     | src.rabbitmq_publisher:publish:67 - 1 mensagens publicadas na fila weather_queue com sucesso.
2025-11-30 18:41:37 | SUCCESS  | __main__:run:38 - ✓ Coleta finalizada com sucesso! 1 mensagens enviadas
2025-11-30 18:41:37 | INFO     | __main__:run:39 - ============================================================
2025-11-30 18:46:37 | INFO     | __main__:run:24 - ============================================================
2025-11-30 18:46:37 | INFO     | __main__:run:25 - Iniciando coleta de dados...
2025-11-30 18:46:37 | INFO     | src.api_consumer:fetch:37 - Buscando dados de: https://api.open-meteo.com/v1/forecast?latitude=-12.9714&longitude=-38.5014&current=temperature_2m,relative_humidity_2m,wind_speed_10m,weather_code
2025-11-30 18:46:38 | SUCCESS  | src.api_consumer:fetch:48 - ✓ Dados recebidos com sucesso
2025-11-30 18:46:38 | INFO     | __main__:run:29 - Dados recebidos: 1 item(s)
2025-11-30 18:46:38 | INFO     | __main__:run:33 - Dados normalizados: 1 item(s)
2025-11-30 18:46:38 | INFO     | src.rabbitmq_publisher:publish:67 - 1 mensagens publicadas na fila weather_queue com sucesso.
2025-11-30 18:46:38 | SUCCESS  | __main__:run:38 - ✓ Coleta finalizada com sucesso! 1 mensagens enviadas
2025-11-30 18:46:38 | INFO     | __main__:run:39 - ============================================================
2025-11-30 18:51:38 | INFO     | __main__:run:24 - ============================================================
2025-11-30 18:51:38 | INFO     | __main__:run:25 - Iniciando coleta de dados...
2025-11-30 18:51:38 | INFO     | src.api_consumer:fetch:37 - Buscando dados de: https://api.open-meteo.com/v1/forecast?latitude=-12.9714&longitude=-38.5014&current=temperature_2m,relative_humidity_2m,wind_speed_10m,weather_code
2025-11-30 18:51:40 | SUCCESS  | src.api_consumer:fetch:48 - ✓ Dados recebidos com sucesso
2025-11-30 18:51:40 | INFO     | __main__:run:29 - Dados recebidos: 1 item(s)
2025-11-30 18:51:40 | INFO     | __main__:run:33 - Dados normalizados: 1 item(s)
2025-11-30 18:51:40 | INFO     | src.rabbitmq_publisher:publish:67 - 1 mensagens publicadas na fila weather_queue com sucesso.
2025-11-30 18:51:40 | SUCCESS  | __main__:run:38 - ✓ Coleta finalizada com sucesso! 1 mensagens enviadas
2025-11-30 18:51:40 | INFO     | __main__:run:39 - ============================================================
2025-11-30 18:56:40 | INFO     | __main__:run:24 - ============================================================
2025-11-30 18:56:40 | INFO     | __main__:run:25 - Iniciando coleta de dados...
2025-11-30 18:56:40 | INFO     | src.api_consumer:fetch:37 - Buscando dados de: https://api.open-meteo.com/v1/forecast?latitude=-12.9714&longitude=-38.5014&current=temperature_2m,relative_humidity_2m,wind_speed_10m,weather_code
2025-11-30 18:56:41 | SUCCESS  | src.api_consumer:fetch:48 - ✓ Dados recebidos com sucesso
2025-11-30 18:56:41 | INFO     | __main__:run:29 - Dados recebidos: 1 item(s)
2025-11-30 18:56:41 | INFO     | __main__:run:33 - Dados normalizados: 1 item(s)
2025-11-30 18:56:41 | INFO     | src.rabbitmq_publisher:publish:67 - 1 mensagens publicadas na fila weather_queue com sucesso.
2025-11-30 18:56:41 | SUCCESS  | __main__:run:38 - ✓ Coleta finalizada com sucesso! 1 mensagens enviadas
2025-11-30 18:56:41 | INFO     | __main__:run:39 - ============================================================
2025-11-30 19:01:41 | INFO     | __main__:run:24 - ============================================================
2025-11-30 19:01:41 | INFO     | __main__:run:25 - Iniciando coleta de dados...
2025-11-30 19:01:41 | INFO     | src.api_consumer:fetch:37 - Buscando dados de: https://api.open-meteo.com/v1/forecast?latitude=-12.9714&longitude=-38.5014&current=temperature_2m,relative_humidity_2m,wind_speed_10m,weather_code
2025-11-30 19:01:42 | SUCCESS  | src.api_consumer:fetch:48 - ✓ Dados recebidos com sucesso
2025-11-30 19:01:42 | INFO     | __main__:run:29 - Dados recebidos: 1 item(s)
2025-11-30 19:01:42 | INFO     | __main__:run:33 - Dados normalizados: 1 item(s)
2025-11-30 19:01:42 | INFO     | src.rabbitmq_publisher:publish:67 - 1 mensagens publicadas na fila weather_queue com sucesso.
2025-11-30 19:01:42 | SUCCESS  | __main__:run:38 - ✓ Coleta finalizada com sucesso! 1 mensagens enviadas
2025-11-30 19:01:42 | INFO     | __main__:run:39 - ============================================================
2025-11-30 19:06:42 | INFO     | __main__:run:24 - ============================================================
2025-11-30 19:06:42 | INFO     | __main__:run:25 - Iniciando coleta de dados...
2025-11-30 19:06:42 | INFO     | src.api_consumer:fetch:37 - Buscando dados de: https://api.open-meteo.com/v1/forecast?latitude=-12.9714&longitude=-38.5014&current=temperature_2m,relative_humidity_2m,wind_speed_10m,weather_code
2025-11-30 19:06:44 | SUCCESS  | src.api_consumer:fetch:48 - ✓ Dados recebidos com sucesso
2025-11-30 19:06:44 | INFO     | __main__:run:29 - Dados recebidos: 1 item(s)
2025-11-30 19:06:44 | INFO     | __main__:run:33 - Dados normalizados: 1 item(s)
2025-11-30 19:06:44 | INFO     | src.rabbitmq_publisher:publish:67 - 1 mensagens publicadas na fila weather_queue com sucesso.
2025-11-30 19:06:44 | SUCCESS  | __main__:run:38 - ✓ Coleta finalizada com sucesso! 1 mensagens enviadas
2025-11-30 19:06:44 | INFO     | __main__:run:39 - ============================================================
2025-11-30 19:11:44 | INFO     | __main__:run:24 - ============================================================
2025-11-30 19:11:44 | INFO     | __main__:run:25 - Iniciando coleta de dados...
2025-11-30 19:11:44 | INFO     | src.api_consumer:fetch:37 - Buscando dados de: https://api.open-meteo.com/v1/forecast?latitude=-12.9714&longitude=-38.5014&current=temperature_2m,relative_humidity_2m,wind_speed_10m,weather_code
2025-11-30 19:11:45 | SUCCESS  | src.api_consumer:fetch:48 - ✓ Dados recebidos com sucesso
2025-11-30 19:11:45 | INFO     | __main__:run:29 - Dados recebidos: 1 item(s)
2025-11-30 19:11:45 | INFO     | __main__:run:33 - Dados normalizados: 1 item(s)
2025-11-30 19:11:45 | INFO     | src.rabbitmq_publisher:publish:67 - 1 mensagens publicadas na fila weather_queue com sucesso.
2025-11-30 19:11:45 | SUCCESS  | __main__:run:38 - ✓ Coleta finalizada com sucesso! 1 mensagens enviadas
2025-11-30 19:11:45 | INFO     | __main__:run:39 - ============================================================
2025-11-30 19:16:45 | INFO     | __main__:run:24 - ============================================================
2025-11-30 19:16:45 | INFO     | __main__:run:25 - Iniciando coleta de dados...
2025-11-30 19:16:45 | INFO     | src.api_consumer:fetch:37 - Buscando dados de: https://api.open-meteo.com/v1/forecast?latitude=-12.9714&longitude=-38.5014&current=temperature_2m,relative_humidity_2m,wind_speed_10m,weather_code
2025-11-30 19:16:46 | SUCCESS  | src.api_consumer:fetch:48 - ✓ Dados recebidos com sucesso
2025-11-30 19:16:46 | INFO     | __main__:run:29 - Dados recebidos: 1 item(s)
2025-11-30 19:16:46 | INFO     | __main__:run:33 - Dados normalizados: 1 item(s)
2025-11-30 19:16:46 | INFO     | src.rabbitmq_publisher:publish:67 - 1 mensagens publicadas na fila weather_queue com sucesso.
2025-11-30 19:16:46 | SUCCESS  | __main__:run:38 - ✓ Coleta finalizada com sucesso! 1 mensagens enviadas
2025-11-30 19:16:46 | INFO     | __main__:run:39 - ============================================================
2025-11-30 19:21:46 | INFO     | __main__:run:24 - ============================================================
2025-11-30 19:21:46 | INFO     | __main__:run:25 - Iniciando coleta de dados...
2025-11-30 19:21:46 | INFO     | src.api_consumer:fetch:37 - Buscando dados de: https://api.open-meteo.com/v1/forecast?latitude=-12.9714&longitude=-38.5014&current=temperature_2m,relative_humidity_2m,wind_speed_10m,weather_code
2025-11-30 19:21:48 | SUCCESS  | src.api_consumer:fetch:48 - ✓ Dados recebidos com sucesso
2025-11-30 19:21:48 | INFO     | __main__:run:29 - Dados recebidos: 1 item(s)
2025-11-30 19:21:48 | INFO     | __main__:run:33 - Dados normalizados: 1 item(s)
2025-11-30 19:21:48 | INFO     | src.rabbitmq_publisher:publish:67 - 1 mensagens publicadas na fila weather_queue com sucesso.
2025-11-30 19:21:48 | SUCCESS  | __main__:run:38 - ✓ Coleta finalizada com sucesso! 1 mensagens enviadas
2025-11-30 19:21:48 | INFO     | __main__:run:39 - ============================================================
2025-11-30 19:26:48 | INFO     | __main__:run:24 - ============================================================
2025-11-30 19:26:48 | INFO     | __main__:run:25 - Iniciando coleta de dados...
2025-11-30 19:26:48 | INFO     | src.api_consumer:fetch:37 - Buscando dados de: https://api.open-meteo.com/v1/forecast?latitude=-12.9714&longitude=-38.5014&current=temperature_2m,relative_humidity_2m,wind_speed_10m,weather_code
2025-11-30 19:26:49 | SUCCESS  | src.api_consumer:fetch:48 - ✓ Dados recebidos com sucesso
2025-11-30 19:26:49 | INFO     | __main__:run:29 - Dados recebidos: 1 item(s)
2025-11-30 19:26:49 | INFO     | __main__:run:33 - Dados normalizados: 1 item(s)
2025-11-30 19:26:49 | INFO     | src.rabbitmq_publisher:publish:67 - 1 mensagens publicadas na fila weather_queue com sucesso.
2025-11-30 19:26:49 | SUCCESS  | __main__:run:38 - ✓ Coleta finalizada com sucesso! 1 mensagens enviadas
2025-11-30 19:26:49 | INFO     | __main__:run:39 - ============================================================
2025-11-30 19:31:49 | INFO     | __main__:run:24 - ============================================================
2025-11-30 19:31:49 | INFO     | __main__:run:25 - Iniciando coleta de dados...
2025-11-30 19:31:49 | INFO     | src.api_consumer:fetch:37 - Buscando dados de: https://api.open-meteo.com/v1/forecast?latitude=-12.9714&longitude=-38.5014&current=temperature_2m,relative_humidity_2m,wind_speed_10m,weather_code
2025-11-30 19:31:50 | SUCCESS  | src.api_consumer:fetch:48 - ✓ Dados recebidos com sucesso
2025-11-30 19:31:50 | INFO     | __main__:run:29 - Dados recebidos: 1 item(s)
2025-11-30 19:31:50 | INFO     | __main__:run:33 - Dados normalizados: 1 item(s)
2025-11-30 19:31:50 | INFO     | src.rabbitmq_publisher:publish:67 - 1 mensagens publicadas na fila weather_queue com sucesso.
2025-11-30 19:31:50 | SUCCESS  | __main__:run:38 - ✓ Coleta finalizada com sucesso! 1 mensagens enviadas
2025-11-30 19:31:50 | INFO     | __main__:run:39 - ============================================================
2025-11-30 19:36:50 | INFO     | __main__:run:24 - ============================================================
2025-11-30 19:36:50 | INFO     | __main__:run:25 - Iniciando coleta de dados...
2025-11-30 19:36:50 | INFO     | src.api_consumer:fetch:37 - Buscando dados de: https://api.open-meteo.com/v1/forecast?latitude=-12.9714&longitude=-38.5014&current=temperature_2m,relative_humidity_2m,wind_speed_10m,weather_code
2025-11-30 19:36:51 | SUCCESS  | src.api_consumer:fetch:48 - ✓ Dados recebidos com sucesso
2025-11-30 19:36:51 | INFO     | __main__:run:29 - Dados recebidos: 1 item(s)
2025-11-30 19:36:51 | INFO     | __main__:run:33 - Dados normalizados: 1 item(s)
2025-11-30 19:36:51 | INFO     | src.rabbitmq_publisher:publish:67 - 1 mensagens publicadas na fila weather_queue com sucesso.
2025-11-30 19:36:51 | SUCCESS  | __main__:run:38 - ✓ Coleta finalizada com sucesso! 1 mensagens enviadas
2025-11-30 19:36:51 | INFO     | __main__:run:39 - ============================================================
2025-11-30 19:41:51 | INFO     | __main__:run:24 - ============================================================
2025-11-30 19:41:51 | INFO     | __main__:run:25 - Iniciando coleta de dados...
2025-11-30 19:41:51 | INFO     | src.api_consumer:fetch:37 - Buscando dados de: https://api.open-meteo.com/v1/forecast?latitude=-12.9714&longitude=-38.5014&current=temperature_2m,relative_humidity_2m,wind_speed_10m,weather_code
2025-11-30 19:41:52 | SUCCESS  | src.api_consumer:fetch:48 - ✓ Dados recebidos com sucesso
2025-11-30 19:41:52 | INFO     | __main__:run:29 - Dados recebidos: 1 item(s)
2025-11-30 19:41:52 | INFO     | __main__:run:33 - Dados normalizados: 1 item(s)
2025-11-30 19:41:52 | INFO     | src.rabbitmq_publisher:publish:67 - 1 mensagens publicadas na fila weather_queue com sucesso.
2025-11-30 19:41:52 | SUCCESS  | __main__:run:38 - ✓ Coleta finalizada com sucesso! 1 mensagens enviadas
2025-11-30 19:41:52 | INFO     | __main__:run:39 - ============================================================
2025-11-30 19:41:59 | WARNING  | __main__:start_scheduler:63 - Collector interrompido pelo usuário
2025-11-30 19:41:59 | INFO     | src.rabbitmq_publisher:close:80 - Conexão com o RabbitMQ fechada com sucesso.
2025-11-30 20:01:45 | INFO     | __main__:main:70 - 🚀 Iniciando Data Collector
2025-11-30 20:01:45 | INFO     | __main__:main:71 - API URL: https://api.open-meteo.com/v1/forecast?latitude=-12.9714&longitude=-38.5014&current=temperature_2m,relative_humidity_2m,wind_speed_10m,weather_code
2025-11-30 20:01:45 | INFO     | __main__:main:72 - RabbitMQ: localhost:5672
2025-11-30 20:01:45 | INFO     | __main__:main:73 - Fila: weather_queue
2025-11-30 20:01:45 | INFO     | __main__:start_scheduler:46 - Iniciando collector com intervalo de 300s
2025-11-30 20:01:45 | SUCCESS  | src.rabbitmq_publisher:connect:37 - Conectado ao RabbitMQ: localhost:5672 com sucesso.
2025-11-30 20:01:45 | INFO     | __main__:run:24 - ============================================================
2025-11-30 20:01:45 | INFO     | __main__:run:25 - Iniciando coleta de dados...
2025-11-30 20:01:45 | INFO     | src.api_consumer:fetch:37 - Buscando dados de: https://api.open-meteo.com/v1/forecast?latitude=-12.9714&longitude=-38.5014&current=temperature_2m,relative_humidity_2m,wind_speed_10m,weather_code
2025-11-30 20:01:46 | SUCCESS  | src.api_consumer:fetch:48 - ✓ Dados recebidos com sucesso
2025-11-30 20:01:46 | INFO     | __main__:run:29 - Dados recebidos: 1 item(s)
2025-11-30 20:01:46 | INFO     | __main__:run:33 - Dados normalizados: 1 item(s)
2025-11-30 20:01:46 | INFO     | src.rabbitmq_publisher:publish:67 - 1 mensagens publicadas na fila weather_queue com sucesso.
2025-11-30 20:01:46 | SUCCESS  | __main__:run:38 - ✓ Coleta finalizada com sucesso! 1 mensagens enviadas
2025-11-30 20:01:46 | INFO     | __main__:run:39 - ============================================================
2025-11-30 20:06:47 | INFO     | __main__:run:24 - ============================================================
2025-11-30 20:06:47 | INFO     | __main__:run:25 - Iniciando coleta de dados...
2025-11-30 20:06:47 | INFO     | src.api_consumer:fetch:37 - Buscando dados de: https://api.open-meteo.com/v1/forecast?latitude=-12.9714&longitude=-38.5014&current=temperature_2m,relative_humidity_2m,wind_speed_10m,weather_code
2025-11-30 20:06:48 | SUCCESS  | src.api_consumer:fetch:48 - ✓ Dados recebidos com sucesso
2025-11-30 20:06:48 | INFO     | __main__:run:29 - Dados recebidos: 1 item(s)
2025-11-30 20:06:48 | INFO     | __main__:run:33 - Dados normalizados: 1 item(s)
2025-11-30 20:06:48 | INFO     | src.rabbitmq_publisher:publish:67 - 1 mensagens publicadas na fila weather_queue com sucesso.
2025-11-30 20:06:48 | SUCCESS  | __main__:run:38 - ✓ Coleta finalizada com sucesso! 1 mensagens enviadas
2025-11-30 20:06:48 | INFO     | __main__:run:39 - ============================================================
2025-11-30 20:11:48 | INFO     | __main__:run:24 - ============================================================
2025-11-30 20:11:48 | INFO     | __main__:run:25 - Iniciando coleta de dados...
2025-11-30 20:11:48 | INFO     | src.api_consumer:fetch:37 - Buscando dados de: https://api.open-meteo.com/v1/forecast?latitude=-12.9714&longitude=-38.5014&current=temperature_2m,relative_humidity_2m,wind_speed_10m,weather_code
2025-11-30 20:11:49 | SUCCESS  | src.api_consumer:fetch:48 - ✓ Dados recebidos com sucesso
2025-11-30 20:11:49 | INFO     | __main__:run:29 - Dados recebidos: 1 item(s)
2025-11-30 20:11:49 | INFO     | __main__:run:33 - Dados normalizados: 1 item(s)
2025-11-30 20:11:49 | INFO     | src.rabbitmq_publisher:publish:67 - 1 mensagens publicadas na fila weather_queue com sucesso.
2025-11-30 20:11:49 | SUCCESS  | __main__:run:38 - ✓ Coleta finalizada com sucesso! 1 mensagens enviadas
2025-11-30 20:11:49 | INFO     | __main__:run:39 - ============================================================
2025-11-30 20:13:44 | WARNING  | __main__:start_scheduler:63 - Collector interrompido pelo usuário
2025-11-30 20:13:44 | INFO     | src.rabbitmq_publisher:close:80 - Conexão com o RabbitMQ fechada com sucesso.
